Build started 2015/10/28 23:13:17.
     1>Project "C:\Danny-Fox\study\COMP\COMP345(1)\A\RiskGame_asg1\RiskGame\RiskGame.vcxproj" on node 2 (Build target(s)).
     1>ClCompile:
         C:\Program Files (x86)\Microsoft Visual Studio 11.0\VC\bin\CL.exe /c /ZI /nologo /W3 /WX- /Od /Oy- /D WIN32 /D _DEBUG /D _CONSOLE /D _UNICODE /D UNICODE /Gm /EHsc /RTC1 /MDd /GS /fp:precise /Zc:wchar_t /Zc:forScope /Fo"Debug\\" /Fd"Debug\vc110.pdb" /Gd /TP /analyze- /errorReport:prompt Continent.cpp IniParser.cpp IniWriter.cpp MapDriver.cpp MapIni.cpp TerritoryNode.cpp World.cpp
         World.cpp
         TerritoryNode.cpp
         MapIni.cpp
         MapDriver.cpp
         IniWriter.cpp
         IniParser.cpp
         Continent.cpp
         Generating Code...
       Link:
         C:\Program Files (x86)\Microsoft Visual Studio 11.0\VC\bin\link.exe /ERRORREPORT:PROMPT /OUT:"C:\Danny-Fox\study\COMP\COMP345(1)\A\RiskGame_asg1\Debug\RiskGame.exe" /INCREMENTAL /NOLOGO kernel32.lib user32.lib gdi32.lib winspool.lib comdlg32.lib advapi32.lib shell32.lib ole32.lib oleaut32.lib uuid.lib odbc32.lib odbccp32.lib /MANIFEST /MANIFESTUAC:"level='asInvoker' uiAccess='false'" /manifest:embed /DEBUG /PDB:"C:\Danny-Fox\study\COMP\COMP345(1)\A\RiskGame_asg1\Debug\RiskGame.pdb" /SUBSYSTEM:CONSOLE /TLBID:1 /DYNAMICBASE /NXCOMPAT /IMPLIB:"C:\Danny-Fox\study\COMP\COMP345(1)\A\RiskGame_asg1\Debug\RiskGame.lib" /MACHINE:X86 Debug\Continent.obj
         Debug\IniParser.obj
         Debug\IniWriter.obj
         Debug\MapIni.obj
         Debug\MapDriver.obj
         Debug\TerritoryNode.obj
         Debug\World.obj
         RiskGame.vcxproj -> C:\Danny-Fox\study\COMP\COMP345(1)\A\RiskGame_asg1\Debug\RiskGame.exe
     1>Done Building Project "C:\Danny-Fox\study\COMP\COMP345(1)\A\RiskGame_asg1\RiskGame\RiskGame.vcxproj" (Build target(s)).

Build succeeded.

Time Elapsed 00:00:05.57
