Build started 2015/11/29 16:17:08.
     1>Project "E:\COMP345\A3\assignment3\assignment3\RiskGame\RiskGame.vcxproj" on node 2 (Build target(s)).
       Project file contains ToolsVersion="12.0". This toolset may be unknown or missing, in which case you may be able to resolve this by installing the appropriate version of MSBuild, or the build may have been forced to a particular ToolsVersion for policy reasons. Treating the project as if it had ToolsVersion="4.0". For more information, please see http://go.microsoft.com/fwlink/?LinkId=291333.
     1>ClCompile:
         C:\Program Files (x86)\Microsoft Visual Studio 11.0\VC\bin\CL.exe /c /ZI /nologo /W3 /WX- /sdl /Od /Oy- /D WIN32 /D _DEBUG /D _CONSOLE /D _LIB /D _UNICODE /D UNICODE /Gm /EHsc /RTC1 /MDd /GS /fp:precise /Zc:wchar_t /Zc:forScope /Fo"Debug\\" /Fd"Debug\vc110.pdb" /Gd /TP /analyze- /errorReport:prompt Continent.cpp MapParser.cpp Territory.cpp MapDriver.cpp
         MapDriver.cpp
         Territory.cpp
         MapParser.cpp
     1>e:\comp345\a3\assignment3\assignment3\riskgame\mapparser.cpp(67): warning C4018: '<' : signed/unsigned mismatch
         Continent.cpp
         Generating Code...
       Link:
         C:\Program Files (x86)\Microsoft Visual Studio 11.0\VC\bin\link.exe /ERRORREPORT:PROMPT /OUT:"E:\COMP345\A3\assignment3\assignment3\Debug\RiskGame.exe" /INCREMENTAL /NOLOGO kernel32.lib user32.lib gdi32.lib winspool.lib comdlg32.lib advapi32.lib shell32.lib ole32.lib oleaut32.lib uuid.lib odbc32.lib odbccp32.lib /MANIFEST /MANIFESTUAC:"level='asInvoker' uiAccess='false'" /manifest:embed /DEBUG /PDB:"E:\COMP345\A3\assignment3\assignment3\Debug\RiskGame.pdb" /SUBSYSTEM:CONSOLE /TLBID:1 /DYNAMICBASE /NXCOMPAT /IMPLIB:"E:\COMP345\A3\assignment3\assignment3\Debug\RiskGame.lib" /MACHINE:X86 Debug\Continent.obj
         Debug\MapParser.obj
         Debug\Territory.obj
         Debug\MapDriver.obj
         RiskGame.vcxproj -> E:\COMP345\A3\assignment3\assignment3\Debug\RiskGame.exe
     1>Done Building Project "E:\COMP345\A3\assignment3\assignment3\RiskGame\RiskGame.vcxproj" (Build target(s)).

Build succeeded.

Time Elapsed 00:00:12.23
